array (
  0 => 8,
  1 => 'Undefined variable: data',
  2 => '/vagrant/app/Middleware/CORS.php',
  3 => 25,
  4 => 
  array (
    'application' => 
    Star\Util\Application::__set_state(array(
       'meddlers' => 
      array (
        0 => 
        Star\Middleware\CORS::__set_state(array(
        )),
        1 => 
        Star\Middleware\Route::__set_state(array(
        )),
        2 => 
        Star\Middleware\Auth::__set_state(array(
        )),
        3 => 
        Star\Middleware\Dispatch::__set_state(array(
        )),
      ),
       'context' => 
      Bee\Http\Context::__set_state(array(
         'request' => 
        Bee\Http\Request::__set_state(array(
           'request' => 
          Swoole\Http\Request::__set_state(array(
             'fd' => 1,
             'header' => 
            array (
              'user-agent' => 'curl/7.29.0',
              'host' => '127.0.0.1:8002',
              'accept' => '*/*',
            ),
             'server' => 
            array (
              'request_method' => 'GET',
              'request_uri' => '/',
              'path_info' => '/',
              'request_time' => 1551432009,
              'request_time_float' => 1551432009.654493,
              'server_port' => 8002,
              'remote_port' => 55882,
              'remote_addr' => '127.0.0.1',
              'master_time' => 1551432009,
              'server_protocol' => 'HTTP/1.1',
            ),
             'request' => NULL,
             'cookie' => NULL,
             'get' => NULL,
             'files' => NULL,
             'post' => NULL,
             'tmpfiles' => NULL,
          )),
           'putCache' => NULL,
        )),
         'response' => 
        Bee\Http\Response::__set_state(array(
           'response' => 
          Swoole\Http\Response::__set_state(array(
             'fd' => 1,
             'header' => NULL,
             'cookie' => NULL,
             'trailer' => NULL,
          )),
           'headers' => 
          Bee\Http\Response\Headers::__set_state(array(
             'headers' => 
            array (
              'Content-Type' => 'application/json; charset=utf-8',
            ),
          )),
           'content' => NULL,
           'file' => NULL,
           'sent' => false,
        )),
         'content' => NULL,
         'data' => 
        array (
        ),
         'logs' => 
        array (
        ),
         'outputJson' => true,
      )),
       'routeHandler' => NULL,
    )),
    'context' => 
    Bee\Http\Context::__set_state(array(
       'request' => 
      Bee\Http\Request::__set_state(array(
         'request' => 
        Swoole\Http\Request::__set_state(array(
           'fd' => 1,
           'header' => 
          array (
            'user-agent' => 'curl/7.29.0',
            'host' => '127.0.0.1:8002',
            'accept' => '*/*',
          ),
           'server' => 
          array (
            'request_method' => 'GET',
            'request_uri' => '/',
            'path_info' => '/',
            'request_time' => 1551432009,
            'request_time_float' => 1551432009.654493,
            'server_port' => 8002,
            'remote_port' => 55882,
            'remote_addr' => '127.0.0.1',
            'master_time' => 1551432009,
            'server_protocol' => 'HTTP/1.1',
          ),
           'request' => NULL,
           'cookie' => NULL,
           'get' => NULL,
           'files' => NULL,
           'post' => NULL,
           'tmpfiles' => NULL,
        )),
         'putCache' => NULL,
      )),
       'response' => 
      Bee\Http\Response::__set_state(array(
         'response' => 
        Swoole\Http\Response::__set_state(array(
           'fd' => 1,
           'header' => NULL,
           'cookie' => NULL,
           'trailer' => NULL,
        )),
         'headers' => 
        Bee\Http\Response\Headers::__set_state(array(
           'headers' => 
          array (
            'Content-Type' => 'application/json; charset=utf-8',
          ),
        )),
         'content' => NULL,
         'file' => NULL,
         'sent' => false,
      )),
       'content' => NULL,
       'data' => 
      array (
      ),
       'logs' => 
      array (
      ),
       'outputJson' => true,
    )),
    'parameters' => NULL,
  ),
)

